Unknown:
D:\Antenka projekt\PATCH 2100MHz\PATCH2100\Result\farfield (f=1400)_1.fme
D:\Antenka projekt\PATCH 2100MHz\PATCH2100\Result\farfield (f=1800)_1.fme
D:\Antenka projekt\PATCH 2100MHz\PATCH2100\Result\farfield (f=2000)2D_1.ffp
D:\Antenka projekt\PATCH 2100MHz\PATCH2100\Result\farfield (f=2000)_1.fme
D:\Antenka projekt\PATCH 2100MHz\PATCH2100\Result\farfield (f=2100)2D_1.ffp
D:\Antenka projekt\PATCH 2100MHz\PATCH2100\Result\farfield (f=2100)_1.fme
D:\Antenka projekt\PATCH 2100MHz\PATCH2100\Result\farfield (f=2600)_1.fme
D:\Antenka projekt\PATCH 2100MHz\PATCH2100\Result\hardware_resources.sconf
D:\Antenka projekt\PATCH 2100MHz\PATCH2100\Result\Hex.gap
D:\Antenka projekt\PATCH 2100MHz\PATCH2100\Result\MCalc.ddi
D:\Antenka projekt\PATCH 2100MHz\PATCH2100\Result\MCalc.log
D:\Antenka projekt\PATCH 2100MHz\PATCH2100\Result\ml_info.log
D:\Antenka projekt\PATCH 2100MHz\PATCH2100\Result\Model.axg
D:\Antenka projekt\PATCH 2100MHz\PATCH2100\Result\Model.coco
D:\Antenka projekt\PATCH 2100MHz\PATCH2100\Result\Model.ddi
D:\Antenka projekt\PATCH 2100MHz\PATCH2100\Result\Model.elg
D:\Antenka projekt\PATCH 2100MHz\PATCH2100\Result\Model.log
D:\Antenka projekt\PATCH 2100MHz\PATCH2100\Result\Model.sam
D:\Antenka projekt\PATCH 2100MHz\PATCH2100\Result\ModelPBA.axg
D:\Antenka projekt\PATCH 2100MHz\PATCH2100\Result\Model_1.sam
D:\Antenka projekt\PATCH 2100MHz\PATCH2100\Result\m^fifx.dsc
D:\Antenka projekt\PATCH 2100MHz\PATCH2100\Result\m^fqq.dsc
D:\Antenka projekt\PATCH 2100MHz\PATCH2100\Result\Ports.web
D:\Antenka projekt\PATCH 2100MHz\PATCH2100\Result\PP-MCalc.log
D:\Antenka projekt\PATCH 2100MHz\PATCH2100\Result\PP-Prio.log
D:\Antenka projekt\PATCH 2100MHz\PATCH2100\Result\p^a.dsc
D:\Antenka projekt\PATCH 2100MHz\PATCH2100\Result\P^m^fb.slog
D:\Antenka projekt\PATCH 2100MHz\PATCH2100\Result\P^m^fbqq.slog
D:\Antenka projekt\PATCH 2100MHz\PATCH2100\Result\P^m^fqq.slog
D:\Antenka projekt\PATCH 2100MHz\PATCH2100\Result\P^p^m.slog
D:\Antenka projekt\PATCH 2100MHz\PATCH2100\Result\P^s^pm.slog
D:\Antenka projekt\PATCH 2100MHz\PATCH2100\Result\Model.sa
Mesh:
D:\Antenka projekt\PATCH 2100MHz\PATCH2100\Result\dA.mat
D:\Antenka projekt\PATCH 2100MHz\PATCH2100\Result\dad.mat
D:\Antenka projekt\PATCH 2100MHz\PATCH2100\Result\ds.mat
D:\Antenka projekt\PATCH 2100MHz\PATCH2100\Result\dsd.mat
D:\Antenka projekt\PATCH 2100MHz\PATCH2100\Result\dsMCalc.mat
D:\Antenka projekt\PATCH 2100MHz\PATCH2100\Result\Eps.mat
D:\Antenka projekt\PATCH 2100MHz\PATCH2100\Result\HexMatrix.m2h
D:\Antenka projekt\PATCH 2100MHz\PATCH2100\Result\HexMatrix_MCalc.m2h
D:\Antenka projekt\PATCH 2100MHz\PATCH2100\Result\Kappa.mat
D:\Antenka projekt\PATCH 2100MHz\PATCH2100\Result\MCalc.fmp
D:\Antenka projekt\PATCH 2100MHz\PATCH2100\Result\MCalc.xcfd
D:\Antenka projekt\PATCH 2100MHz\PATCH2100\Result\MCalcCCS_c.mson
D:\Antenka projekt\PATCH 2100MHz\PATCH2100\Result\Meta.m2h
D:\Antenka projekt\PATCH 2100MHz\PATCH2100\Result\Meta.mat
D:\Antenka projekt\PATCH 2100MHz\PATCH2100\Result\Model-fmf.msqlite
D:\Antenka projekt\PATCH 2100MHz\PATCH2100\Result\Model.cct
D:\Antenka projekt\PATCH 2100MHz\PATCH2100\Result\Model.fmf
D:\Antenka projekt\PATCH 2100MHz\PATCH2100\Result\Model.fmm
D:\Antenka projekt\PATCH 2100MHz\PATCH2100\Result\Model.fpc
D:\Antenka projekt\PATCH 2100MHz\PATCH2100\Result\Model.fwf
D:\Antenka projekt\PATCH 2100MHz\PATCH2100\Result\Model.sic
D:\Antenka projekt\PATCH 2100MHz\PATCH2100\Result\Model.sid
D:\Antenka projekt\PATCH 2100MHz\PATCH2100\Result\Model.spi
D:\Antenka projekt\PATCH 2100MHz\PATCH2100\Result\Model.xcfd
D:\Antenka projekt\PATCH 2100MHz\PATCH2100\Result\Mue.mat
D:\Antenka projekt\PATCH 2100MHz\PATCH2100\Result\m^fqq.mem
D:\Antenka projekt\PATCH 2100MHz\PATCH2100\Result\p1.spi
D:\Antenka projekt\PATCH 2100MHz\PATCH2100\Result\PEC.mat
D:\Antenka projekt\PATCH 2100MHz\PATCH2100\Result\Port1.wgi
D:\Antenka projekt\PATCH 2100MHz\PATCH2100\Result\p^a.mem
D:\Antenka projekt\PATCH 2100MHz\PATCH2100\Result\p^m.mem
D:\Antenka projekt\PATCH 2100MHz\PATCH2100\Result\Rho.mat
D:\Antenka projekt\PATCH 2100MHz\PATCH2100\Result\S2HMatrix.m2h
D:\Antenka projekt\PATCH 2100MHz\PATCH2100\Result\Shapes.con
D:\Antenka projekt\PATCH 2100MHz\PATCH2100\Result\s^pm.mem
Port:
D:\Antenka projekt\PATCH 2100MHz\PATCH2100\Result\adapt_Port1_e1.prt
D:\Antenka projekt\PATCH 2100MHz\PATCH2100\Result\adapt_Port1_e1[2000].prt
D:\Antenka projekt\PATCH 2100MHz\PATCH2100\Result\adapt_Port1_h1.prt
D:\Antenka projekt\PATCH 2100MHz\PATCH2100\Result\adapt_Port1_h1[2000].prt
D:\Antenka projekt\PATCH 2100MHz\PATCH2100\Result\Model.pmi
D:\Antenka projekt\PATCH 2100MHz\PATCH2100\Result\Port1_1[2000].m2d
D:\Antenka projekt\PATCH 2100MHz\PATCH2100\Result\Port1_drv.m2d
D:\Antenka projekt\PATCH 2100MHz\PATCH2100\Result\Port1_e1.prt
D:\Antenka projekt\PATCH 2100MHz\PATCH2100\Result\Port1_e1[2000].prt
D:\Antenka projekt\PATCH 2100MHz\PATCH2100\Result\Port1_h1.prt
D:\Antenka projekt\PATCH 2100MHz\PATCH2100\Result\Port1_h1[2000].prt
